<?xml version="1.0" encoding="UTF-8"?>
<!-- Generated by org.testng.reporters.JUnitReportReporter -->
<testsuite skipped="0" hostname="DESKTOP-5JOCHJR" name="cucumberoptions.TestngTestRunner" tests="1" failures="0" timestamp="2022-02-21T15:43:41 IST" time="63.561" errors="0">
  <testcase name="runScenario" time="63.561" classname="cucumberoptions.TestngTestRunner"/>
  <system-out/>
</testsuite> <!-- cucumberoptions.TestngTestRunner -->
